This file contains any messages produced by compilers while
running configure, to aid debugging if configure makes a mistake.

It was created by configure, which was
generated by GNU Autoconf 2.56.  Invocation command line was

  $ ./configure --prefix=c:/prog/mingw

## --------- ##
## Platform. ##
## --------- ##

hostname = drg-sys
uname -m = i686
uname -r = 1.0.10(0.46/3/2)
uname -s = MINGW32_NT-5.1
uname -v = 2003-10-11 10:14

/usr/bin/uname -p = unknown
/bin/uname -X     = unknown

/bin/arch              = unknown
/usr/bin/arch -k       = unknown
/usr/convex/getsysinfo = unknown
hostinfo               = unknown
/bin/machine           = unknown
/usr/bin/oslevel       = unknown
/bin/universe          = unknown

PATH: /c/prog/ocaml/bin
PATH: /c/prog/mingw/bin
PATH: /usr/bin
PATH: /c/prog/tcl/bin
PATH: /c/PROGRA~1/Borland/CBUILD~2/Projects/Bpl
PATH: /c/PROGRA~1/Borland/CBUILD~2/Bin
PATH: /c/PROGRA~1/Borland/CBUILD~1/Bin
PATH: /c/PROGRA~1/Borland/CBUILD~1/Projects/Bpl
PATH: /c/WINDOWS/system32
PATH: /c/WINDOWS
PATH: /c/WINDOWS/System32/Wbem
PATH: /c/Program Files/ATI Technologies/ATI Control Panel
PATH: /c/Program Files/Common Files/Autodesk Shared/
PATH: /c/Program Files/backburner 2/


## ----------- ##
## Core tests. ##
## ----------- ##

configure:1506: checking build system type
configure:1524: result: i686-pc-mingw32
configure:1532: checking host system type
configure:1546: result: i686-pc-mingw32
configure:1554: checking target system type
configure:1568: result: i686-pc-mingw32
configure:1596: checking for a BSD-compatible install
configure:1650: result: /usr/bin/install -c
configure:1661: checking whether build environment is sane
configure:1704: result: yes
configure:1737: checking for gawk
configure:1753: found /usr/bin/gawk
configure:1763: result: gawk
configure:1773: checking whether make sets $(MAKE)
configure:1797: result: no
configure:1970: checking whether user defined C++ flags overwrite the default Cal3D ones
configure:1977: result: no
configure:2034: checking for g++
configure:2050: found /c/prog/mingw/bin/g++
configure:2060: result: g++
configure:2076: checking for C++ compiler version
configure:2079: g++ --version </dev/null >&5
g++.exe (GCC) 3.4.2 (mingw-special)
Copyright (C) 2004 Free Software Foundation, Inc.
This is free software; see the source for copying conditions.  There is NO
warranty; not even for MERCHANTABILITY or FITNESS FOR A PARTICULAR PURPOSE.

configure:2082: $? = 0
configure:2084: g++ -v </dev/null >&5
Reading specs from c:/prog/mingw/bin/../lib/gcc/mingw32/3.4.2/specs
Configured with: ../gcc/configure --with-gcc --with-gnu-ld --with-gnu-as --host=mingw32 --target=mingw32 --prefix=/mingw --enable-threads --disable-nls --enable-languages=c,c++,f77,ada,objc,java --disable-win32-registry --disable-shared --enable-sjlj-exceptions --enable-libgcj --disable-java-awt --without-x --enable-java-gc=boehm --disable-libgcj-debug --enable-interpreter --enable-hash-synchronization --enable-libstdcxx-debug
Thread model: win32
gcc version 3.4.2 (mingw-special)
configure:2087: $? = 0
configure:2089: g++ -V </dev/null >&5
g++.exe: `-V' option must have argument
configure:2092: $? = 1
configure:2116: checking for C++ compiler default output
configure:2119: g++    conftest.cc  >&5
configure:2122: $? = 0
configure:2168: result: a.exe
configure:2173: checking whether the C++ compiler works
configure:2179: ./a.exe
configure:2182: $? = 0
configure:2199: result: yes
configure:2206: checking whether we are cross compiling
configure:2208: result: no
configure:2211: checking for suffix of executables
configure:2213: g++ -o conftest.exe    conftest.cc  >&5
configure:2216: $? = 0
configure:2241: result: .exe
configure:2247: checking for suffix of object files
configure:2269: g++ -c   conftest.cc >&5
configure:2272: $? = 0
configure:2294: result: o
configure:2298: checking whether we are using the GNU C++ compiler
configure:2323: g++ -c   conftest.cc >&5
configure:2326: $? = 0
configure:2329: test -s conftest.o
configure:2332: $? = 0
configure:2345: result: yes
configure:2351: checking whether g++ accepts -g
configure:2373: g++ -c -g  conftest.cc >&5
configure:2376: $? = 0
configure:2379: test -s conftest.o
configure:2382: $? = 0
configure:2393: result: yes
configure:2437: g++ -c -g -O2  conftest.cc >&5
configure:2440: $? = 0
configure:2443: test -s conftest.o
configure:2446: $? = 0
configure:2473: g++ -c -g -O2  conftest.cc >&5
configure: In function `int main()':
configure:2470: error: `exit' undeclared (first use this function)
configure:2470: error: (Each undeclared identifier is reported only once for each function it appears in.)
configure:2476: $? = 1
configure: failed program was:
| #line 2456 "configure"
| /* confdefs.h.  */
| 
| #define PACKAGE_NAME ""
| #define PACKAGE_TARNAME ""
| #define PACKAGE_VERSION ""
| #define PACKAGE_STRING ""
| #define PACKAGE_BUGREPORT ""
| #define PACKAGE "cal3d"
| #define VERSION "0.10.0"
| /* end confdefs.h.  */
| 
| int
| main ()
| {
| exit (42);
|   ;
|   return 0;
| }
configure:2437: g++ -c -g -O2  conftest.cc >&5
configure:2440: $? = 0
configure:2443: test -s conftest.o
configure:2446: $? = 0
configure:2473: g++ -c -g -O2  conftest.cc >&5
configure:2476: $? = 0
configure:2479: test -s conftest.o
configure:2482: $? = 0
configure:2524: checking for style of include used by make
configure:2552: result: GNU
configure:2580: checking dependency style of g++
configure:2642: result: gcc3
configure:2782: checking for gcc
configure:2798: found /c/prog/mingw/bin/gcc
configure:2808: result: gcc
configure:3052: checking for C compiler version
configure:3055: gcc --version </dev/null >&5
gcc.exe (GCC) 3.4.2 (mingw-special)
Copyright (C) 2004 Free Software Foundation, Inc.
This is free software; see the source for copying conditions.  There is NO
warranty; not even for MERCHANTABILITY or FITNESS FOR A PARTICULAR PURPOSE.

configure:3058: $? = 0
configure:3060: gcc -v </dev/null >&5
Reading specs from c:/prog/mingw/bin/../lib/gcc/mingw32/3.4.2/specs
Configured with: ../gcc/configure --with-gcc --with-gnu-ld --with-gnu-as --host=mingw32 --target=mingw32 --prefix=/mingw --enable-threads --disable-nls --enable-languages=c,c++,f77,ada,objc,java --disable-win32-registry --disable-shared --enable-sjlj-exceptions --enable-libgcj --disable-java-awt --without-x --enable-java-gc=boehm --disable-libgcj-debug --enable-interpreter --enable-hash-synchronization --enable-libstdcxx-debug
Thread model: win32
gcc version 3.4.2 (mingw-special)
configure:3063: $? = 0
configure:3065: gcc -V </dev/null >&5
gcc.exe: `-V' option must have argument
configure:3068: $? = 1
configure:3071: checking whether we are using the GNU C compiler
configure:3096: gcc -c   conftest.c >&5
configure:3099: $? = 0
configure:3102: test -s conftest.o
configure:3105: $? = 0
configure:3118: result: yes
configure:3124: checking whether gcc accepts -g
configure:3146: gcc -c -g  conftest.c >&5
configure:3149: $? = 0
configure:3152: test -s conftest.o
configure:3155: $? = 0
configure:3166: result: yes
configure:3183: checking for gcc option to accept ANSI C
configure:3244: gcc  -c -g -O2  conftest.c >&5
configure:3247: $? = 0
configure:3250: test -s conftest.o
configure:3253: $? = 0
configure:3271: result: none needed
configure:3289: gcc -c -g -O2  conftest.c >&5
conftest.c:2: error: syntax error before "me"
configure:3292: $? = 1
configure: failed program was:
| #ifndef __cplusplus
|   choke me
| #endif
configure:3403: checking dependency style of gcc
configure:3465: result: gcc3
configure:3482: checking for egrep
configure:3492: result: grep -E
configure:3508: checking for ld used by GCC
configure:3575: result: c:/prog/mingw/mingw32/bin/ld.exe
configure:3584: checking if the linker (c:/prog/mingw/mingw32/bin/ld.exe) is GNU ld
GNU ld version 2.15.94 20050118
configure:3596: result: yes
configure:3601: checking for c:/prog/mingw/mingw32/bin/ld.exe option to reload object files
configure:3608: result: -r
configure:3617: checking for BSD-compatible nm
configure:3659: result: /c/prog/mingw/bin/nm
configure:3663: checking for a sed that does not truncate output
configure:3717: result: /usr/bin/sed
configure:3720: checking whether ln -s works
configure:3724: result: yes
configure:3731: checking how to recognise dependent libraries
configure:3922: result: file_magic ^x86 archive import|^x86 DLL
configure:4144: checking for dlltool
configure:4160: found /c/prog/mingw/bin/dlltool
configure:4171: result: dlltool
configure:4224: checking for as
configure:4240: found /c/prog/mingw/bin/as
configure:4251: result: as
configure:4304: checking for objdump
configure:4320: found /c/prog/mingw/bin/objdump
configure:4331: result: objdump
configure:4355: checking how to run the C preprocessor
configure:4385: gcc -E  conftest.c
configure:4391: $? = 0
configure:4423: gcc -E  conftest.c
configure:4427:28: ac_nonexistent.h: No such file or directory
configure:4429: $? = 1
configure: failed program was:
| #line 4414 "configure"
| /* confdefs.h.  */
| 
| #define PACKAGE_NAME ""
| #define PACKAGE_TARNAME ""
| #define PACKAGE_VERSION ""
| #define PACKAGE_STRING ""
| #define PACKAGE_BUGREPORT ""
| #define PACKAGE "cal3d"
| #define VERSION "0.10.0"
| #ifdef __cplusplus
| #include <stdlib.h>
| #endif
| /* end confdefs.h.  */
| #include <ac_nonexistent.h>
configure:4467: result: gcc -E
configure:4486: gcc -E  conftest.c
configure:4492: $? = 0
configure:4524: gcc -E  conftest.c
configure:4528:28: ac_nonexistent.h: No such file or directory
configure:4530: $? = 1
configure: failed program was:
| #line 4515 "configure"
| /* confdefs.h.  */
| 
| #define PACKAGE_NAME ""
| #define PACKAGE_TARNAME ""
| #define PACKAGE_VERSION ""
| #define PACKAGE_STRING ""
| #define PACKAGE_BUGREPORT ""
| #define PACKAGE "cal3d"
| #define VERSION "0.10.0"
| #ifdef __cplusplus
| #include <stdlib.h>
| #endif
| /* end confdefs.h.  */
| #include <ac_nonexistent.h>
configure:4573: checking for ANSI C header files
configure:4599: gcc -c -g -O2  conftest.c >&5
configure:4602: $? = 0
configure:4605: test -s conftest.o
configure:4608: $? = 0
configure:4697: gcc -o conftest.exe -g -O2   conftest.c  >&5
configure:4700: $? = 0
configure:4702: ./conftest.exe
configure:4705: $? = 0
configure:4720: result: yes
configure:4744: checking for sys/types.h
configure:4761: gcc -c -g -O2  conftest.c >&5
configure:4764: $? = 0
configure:4767: test -s conftest.o
configure:4770: $? = 0
configure:4781: result: yes
configure:4744: checking for sys/stat.h
configure:4761: gcc -c -g -O2  conftest.c >&5
configure:4764: $? = 0
configure:4767: test -s conftest.o
configure:4770: $? = 0
configure:4781: result: yes
configure:4744: checking for stdlib.h
configure:4761: gcc -c -g -O2  conftest.c >&5
configure:4764: $? = 0
configure:4767: test -s conftest.o
configure:4770: $? = 0
configure:4781: result: yes
configure:4744: checking for string.h
configure:4761: gcc -c -g -O2  conftest.c >&5
configure:4764: $? = 0
configure:4767: test -s conftest.o
configure:4770: $? = 0
configure:4781: result: yes
configure:4744: checking for memory.h
configure:4761: gcc -c -g -O2  conftest.c >&5
configure:4764: $? = 0
configure:4767: test -s conftest.o
configure:4770: $? = 0
configure:4781: result: yes
configure:4744: checking for strings.h
configure:4761: gcc -c -g -O2  conftest.c >&5
configure:4764: $? = 0
configure:4767: test -s conftest.o
configure:4770: $? = 0
configure:4781: result: yes
configure:4744: checking for inttypes.h
configure:4761: gcc -c -g -O2  conftest.c >&5
configure:4764: $? = 0
configure:4767: test -s conftest.o
configure:4770: $? = 0
configure:4781: result: yes
configure:4744: checking for stdint.h
configure:4761: gcc -c -g -O2  conftest.c >&5
configure:4764: $? = 0
configure:4767: test -s conftest.o
configure:4770: $? = 0
configure:4781: result: yes
configure:4744: checking for unistd.h
configure:4761: gcc -c -g -O2  conftest.c >&5
configure:4764: $? = 0
configure:4767: test -s conftest.o
configure:4770: $? = 0
configure:4781: result: yes
configure:4807: checking dlfcn.h usability
configure:4820: gcc -c -g -O2  conftest.c >&5
configure:4866:19: dlfcn.h: No such file or directory
configure:4823: $? = 1
configure: failed program was:
| #line 4809 "configure"
| /* confdefs.h.  */
| 
| #define PACKAGE_NAME ""
| #define PACKAGE_TARNAME ""
| #define PACKAGE_VERSION ""
| #define PACKAGE_STRING ""
| #define PACKAGE_BUGREPORT ""
| #define PACKAGE "cal3d"
| #define VERSION "0.10.0"
| #ifdef __cplusplus
| #include <stdlib.h>
| #endif
| #define STDC_HEADERS 1
| #define HAVE_SYS_TYPES_H 1
| #define HAVE_SYS_STAT_H 1
| #define HAVE_STDLIB_H 1
| #define HAVE_STRING_H 1
| #define HAVE_MEMORY_H 1
| #define HAVE_STRINGS_H 1
| #define HAVE_INTTYPES_H 1
| #define HAVE_STDINT_H 1
| #define HAVE_UNISTD_H 1
| /* end confdefs.h.  */
| #include <stdio.h>
| #if HAVE_SYS_TYPES_H
| # include <sys/types.h>
| #endif
| #if HAVE_SYS_STAT_H
| # include <sys/stat.h>
| #endif
| #if STDC_HEADERS
| # include <stdlib.h>
| # include <stddef.h>
| #else
| # if HAVE_STDLIB_H
| #  include <stdlib.h>
| # endif
| #endif
| #if HAVE_STRING_H
| # if !STDC_HEADERS && HAVE_MEMORY_H
| #  include <memory.h>
| # endif
| # include <string.h>
| #endif
| #if HAVE_STRINGS_H
| # include <strings.h>
| #endif
| #if HAVE_INTTYPES_H
| # include <inttypes.h>
| #else
| # if HAVE_STDINT_H
| #  include <stdint.h>
| # endif
| #endif
| #if HAVE_UNISTD_H
| # include <unistd.h>
| #endif
| #include <dlfcn.h>
configure:4839: result: no
configure:4843: checking dlfcn.h presence
configure:4854: gcc -E  conftest.c
configure:4868:19: dlfcn.h: No such file or directory
configure:4860: $? = 1
configure: failed program was:
| #line 4845 "configure"
| /* confdefs.h.  */
| 
| #define PACKAGE_NAME ""
| #define PACKAGE_TARNAME ""
| #define PACKAGE_VERSION ""
| #define PACKAGE_STRING ""
| #define PACKAGE_BUGREPORT ""
| #define PACKAGE "cal3d"
| #define VERSION "0.10.0"
| #ifdef __cplusplus
| #include <stdlib.h>
| #endif
| #define STDC_HEADERS 1
| #define HAVE_SYS_TYPES_H 1
| #define HAVE_SYS_STAT_H 1
| #define HAVE_STDLIB_H 1
| #define HAVE_STRING_H 1
| #define HAVE_MEMORY_H 1
| #define HAVE_STRINGS_H 1
| #define HAVE_INTTYPES_H 1
| #define HAVE_STDINT_H 1
| #define HAVE_UNISTD_H 1
| /* end confdefs.h.  */
| #include <dlfcn.h>
configure:4879: result: no
configure:4915: checking for dlfcn.h
configure:4922: result: no
configure:4940: checking how to run the C++ preprocessor
configure:4966: g++ -E  conftest.cc
configure:4972: $? = 0
configure:5004: g++ -E  conftest.cc
configure:5018:28: ac_nonexistent.h: No such file or directory
configure:5010: $? = 1
configure: failed program was:
| #line 4995 "configure"
| /* confdefs.h.  */
| 
| #define PACKAGE_NAME ""
| #define PACKAGE_TARNAME ""
| #define PACKAGE_VERSION ""
| #define PACKAGE_STRING ""
| #define PACKAGE_BUGREPORT ""
| #define PACKAGE "cal3d"
| #define VERSION "0.10.0"
| #ifdef __cplusplus
| #include <stdlib.h>
| #endif
| #define STDC_HEADERS 1
| #define HAVE_SYS_TYPES_H 1
| #define HAVE_SYS_STAT_H 1
| #define HAVE_STDLIB_H 1
| #define HAVE_STRING_H 1
| #define HAVE_MEMORY_H 1
| #define HAVE_STRINGS_H 1
| #define HAVE_INTTYPES_H 1
| #define HAVE_STDINT_H 1
| #define HAVE_UNISTD_H 1
| /* end confdefs.h.  */
| #include <ac_nonexistent.h>
configure:5048: result: g++ -E
configure:5067: g++ -E  conftest.cc
configure:5073: $? = 0
configure:5105: g++ -E  conftest.cc
configure:5119:28: ac_nonexistent.h: No such file or directory
configure:5111: $? = 1
configure: failed program was:
| #line 5096 "configure"
| /* confdefs.h.  */
| 
| #define PACKAGE_NAME ""
| #define PACKAGE_TARNAME ""
| #define PACKAGE_VERSION ""
| #define PACKAGE_STRING ""
| #define PACKAGE_BUGREPORT ""
| #define PACKAGE "cal3d"
| #define VERSION "0.10.0"
| #ifdef __cplusplus
| #include <stdlib.h>
| #endif
| #define STDC_HEADERS 1
| #define HAVE_SYS_TYPES_H 1
| #define HAVE_SYS_STAT_H 1
| #define HAVE_STDLIB_H 1
| #define HAVE_STRING_H 1
| #define HAVE_MEMORY_H 1
| #define HAVE_STRINGS_H 1
| #define HAVE_INTTYPES_H 1
| #define HAVE_STDINT_H 1
| #define HAVE_UNISTD_H 1
| /* end confdefs.h.  */
| #include <ac_nonexistent.h>
configure:5205: checking for g77
configure:5234: result: no
configure:5205: checking for f77
configure:5234: result: no
configure:5205: checking for xlf
configure:5234: result: no
configure:5205: checking for frt
configure:5234: result: no
configure:5205: checking for pgf77
configure:5234: result: no
configure:5205: checking for fl32
configure:5234: result: no
configure:5205: checking for af77
configure:5234: result: no
configure:5205: checking for fort77
configure:5234: result: no
configure:5205: checking for f90
configure:5234: result: no
configure:5205: checking for xlf90
configure:5234: result: no
configure:5205: checking for pgf90
configure:5234: result: no
configure:5205: checking for epcf90
configure:5234: result: no
configure:5205: checking for f95
configure:5234: result: no
configure:5205: checking for fort
configure:5234: result: no
configure:5205: checking for xlf95
configure:5234: result: no
configure:5205: checking for lf95
configure:5234: result: no
configure:5205: checking for g95
configure:5234: result: no
configure:5249: checking for Fortran 77 compiler version
configure:5249:  --version </dev/null >&5
./configure: --version: command not found
configure:5252: $? = 127
configure:5254:  -v </dev/null >&5
./configure: -v: command not found
configure:5257: $? = 127
configure:5259:  -V </dev/null >&5
./configure: -V: command not found
configure:5262: $? = 127
configure:5269: checking whether we are using the GNU Fortran 77 compiler
configure:5283:  -c  conftest.F >&5
./configure: -c: command not found
configure:5286: $? = 127
configure: failed program was:
|       program main
| #ifndef __GNUC__
|        choke me
| #endif
| 
|       end
configure:5305: result: no
configure:5312: checking whether  accepts -g
configure:5324:  -c -g conftest.f >&5
./configure: -c: command not found
configure:5327: $? = 127
configure: failed program was:
|       program main
| 
|       end
configure:5345: result: no
configure:5373: checking the maximum length of command line arguments
configure:5432: result: 8192
configure:5443: checking command to parse /c/prog/mingw/bin/nm output from gcc object
configure:5532: gcc -c -g -O2  conftest.c >&5
configure:5535: $? = 0
configure:5539: /c/prog/mingw/bin/nm conftest.o \| sed -n -e 's/^.*[ 	]\([ABCDGISTW][ABCDGISTW]*\)[ 	][ 	]*\(\)\([_A-Za-z][_A-Za-z0-9]*\)\{0,1\}$/\1 \2\3 \3/p' \> conftest.nm
configure:5542: $? = 0
cannot find nm_test_var in conftest.nm
configure:5532: gcc -c -g -O2  conftest.c >&5
configure:5535: $? = 0
configure:5539: /c/prog/mingw/bin/nm conftest.o \| sed -n -e 's/^.*[ 	]\([ABCDGISTW][ABCDGISTW]*\)[ 	][ 	]*\(_\)\([_A-Za-z][_A-Za-z0-9]*\)\{0,1\}$/\1 \2\3 \3/p' \> conftest.nm
configure:5542: $? = 0
configure:5594: gcc -o conftest.exe -g -O2   conftest.c conftstm.o >&5
configure:5597: $? = 0
configure:5635: result: ok
configure:5639: checking for objdir
configure:5654: result: .libs
configure:5744: checking for ranlib
configure:5760: found /c/prog/mingw/bin/ranlib
configure:5771: result: ranlib
configure:5824: checking for strip
configure:5840: found /c/prog/mingw/bin/strip
configure:5851: result: strip
configure:6114: checking if gcc static flag  works
configure:6137: result: yes
configure:6154: checking if gcc supports -fno-rtti -fno-exceptions
configure:6175: gcc -c -g -O2  -fno-rtti -fno-exceptions conftest.c >&5
cc1.exe: warning: command line option "-fno-rtti" is valid for C++/ObjC++ but not for C
configure:6179: $? = 0
configure:6187: result: no
configure:6202: checking for gcc option to produce PIC
configure:6351: result: -DDLL_EXPORT
configure:6358: checking if gcc PIC flag -DDLL_EXPORT works
configure:6379: gcc -c -g -O2  -DDLL_EXPORT -DPIC conftest.c >&5
configure:6383: $? = 0
configure:6391: result: yes
configure:6415: checking if gcc supports -c -o file.o
configure:6446: gcc -c -g -O2  -o out/conftest2.o conftest.c >&5
configure:6450: $? = 0
configure:6464: result: yes
configure:6490: checking whether the gcc linker (c:/prog/mingw/mingw32/bin/ld.exe) supports shared libraries
configure:7225: result: yes
configure:7247: checking whether -lc should be explicitly linked in
configure:7252: gcc -c -g -O2  conftest.c >&5
configure:7255: $? = 0
configure:7269: gcc -shared conftest.o  -v -o ./conftest -Wl,--image-base=0x10000000 -Wl,--out-implib,conftest 2\>\&1 \| grep  -lc  \>/dev/null 2\>\&1
configure:7272: $? = 1
configure:7284: result: yes
configure:7290: checking how to hardcode library paths into programs
configure:7314: result: immediate
configure:7328: checking whether stripping libraries is possible
configure:7333: result: yes
configure:7340: checking dynamic linker characteristics
configure:7817: result: Win32 ld.exe
configure:8463: checking if libtool supports shared libraries
configure:8465: result: yes
configure:8468: checking whether to build shared libraries
configure:8489: result: yes
configure:8492: checking whether to build static libraries
configure:8496: result: no
configure:8576: creating libtool
configure:9122: checking whether the g++ linker (c:/prog/mingw/mingw32/bin/ld.exe) supports shared libraries
configure:9824: result: yes
configure:9842: g++ -c -g -O2  conftest.cc >&5
configure:9845: $? = 0
configure:9942: checking for g++ option to produce PIC
configure:10178: result: -DDLL_EXPORT
configure:10185: checking if g++ PIC flag -DDLL_EXPORT works
configure:10206: g++ -c -g -O2  -DDLL_EXPORT -DPIC conftest.cc >&5
configure:10210: $? = 0
configure:10218: result: yes
configure:10242: checking if g++ supports -c -o file.o
configure:10273: g++ -c -g -O2  -o out/conftest2.o conftest.cc >&5
configure:10277: $? = 0
configure:10291: result: yes
configure:10317: checking whether the g++ linker (c:/prog/mingw/mingw32/bin/ld.exe) supports shared libraries
configure:10339: result: yes
configure:10361: checking whether -lc should be explicitly linked in
configure:10366: g++ -c -g -O2  conftest.cc >&5
configure:10369: $? = 0
configure:10383: g++ -shared -nostdlib  conftest.o   -v -o ./conftest -Wl,--image-base=0x10000000 -Wl,--out-implib,conftest 2\>\&1 \| grep  -lc  \>/dev/null 2\>\&1
configure:10386: $? = 1
configure:10398: result: yes
configure:10404: checking how to hardcode library paths into programs
configure:10428: result: immediate
configure:10442: checking whether stripping libraries is possible
configure:10447: result: yes
configure:10454: checking dynamic linker characteristics
configure:10931: result: Win32 ld.exe
configure:12011: checking if libtool supports shared libraries
configure:12013: result: yes
configure:12016: checking whether to build shared libraries
configure:12034: result: yes
configure:12037: checking whether to build static libraries
configure:12041: result: no
configure:12053: checking for  option to produce PIC
configure:12202: result: -DDLL_EXPORT
configure:12209: checking if  PIC flag -DDLL_EXPORT works
configure:12230:  -c  -DDLL_EXPORT -DPIC conftest.f >&5
./configure: -c: command not found
configure:12234: $? = 127
configure:12242: result: no
configure:12266: checking if  supports -c -o file.o
configure:12297:  -c  -o out/conftest2.o conftest.f >&5
./configure: -c: command not found
configure:12301: $? = 127
configure:12315: result: no
configure:12341: checking whether the  linker (c:/prog/mingw/mingw32/bin/ld.exe) supports shared libraries
configure:13054: result: yes
configure:13119: checking how to hardcode library paths into programs
configure:13143: result: immediate
configure:13157: checking whether stripping libraries is possible
configure:13162: result: yes
configure:13169: checking dynamic linker characteristics
configure:13646: result: Win32 ld.exe
configure:17247: checking for a BSD-compatible install
configure:17301: result: /usr/bin/install -c
configure:17315: checking for doxygen
configure:17342: result: false
configure:17350: WARNING: cannot find doxygen, unable to generate Cal3D API Reference!
configure:17356: checking for db2html
configure:17383: result: false
configure:17391: WARNING: cannot find db2html, unable to generate Cal3D User's Guide!
configure:17397: checking whether to build Cal3D in debug mode
configure:17414: result: no
configure:17452: checking whether g++ supports -fno-rtti
configure:17470: result: yes
configure:17614: creating ./config.status

## ---------------------- ##
## Running config.status. ##
## ---------------------- ##

This file was extended by config.status, which was
generated by GNU Autoconf 2.56.  Invocation command line was

  CONFIG_FILES    = 
  CONFIG_HEADERS  = 
  CONFIG_LINKS    = 
  CONFIG_COMMANDS = 
  $ ./config.status 

on drg-sys

config.status:692: creating Makefile
config.status:692: creating src/Makefile
config.status:692: creating src/cal3d/Makefile
config.status:692: creating docs/Makefile
config.status:692: creating docs/api/Makefile
config.status:692: creating docs/shared/Makefile
config.status:692: creating cal3d.pc
config.status:796: creating config.h
config.status:901: config.h is unchanged
config.status:1014: executing depfiles commands

## ---------------- ##
## Cache variables. ##
## ---------------- ##

ac_cv_build=i686-pc-mingw32
ac_cv_build_alias=i686-pc-mingw32
ac_cv_c_compiler_gnu=yes
ac_cv_cxx_compiler_gnu=yes
ac_cv_env_CC_set=
ac_cv_env_CC_value=
ac_cv_env_CFLAGS_set=
ac_cv_env_CFLAGS_value=
ac_cv_env_CPPFLAGS_set=
ac_cv_env_CPPFLAGS_value=
ac_cv_env_CPP_set=
ac_cv_env_CPP_value=
ac_cv_env_CXXCPP_set=
ac_cv_env_CXXCPP_value=
ac_cv_env_CXXFLAGS_set=
ac_cv_env_CXXFLAGS_value=
ac_cv_env_CXX_set=
ac_cv_env_CXX_value=
ac_cv_env_F77_set=
ac_cv_env_F77_value=
ac_cv_env_FFLAGS_set=
ac_cv_env_FFLAGS_value=
ac_cv_env_LDFLAGS_set=
ac_cv_env_LDFLAGS_value=
ac_cv_env_build_alias_set=
ac_cv_env_build_alias_value=
ac_cv_env_host_alias_set=
ac_cv_env_host_alias_value=
ac_cv_env_target_alias_set=
ac_cv_env_target_alias_value=
ac_cv_exeext=.exe
ac_cv_f77_compiler_gnu=no
ac_cv_header_dlfcn_h=no
ac_cv_header_inttypes_h=yes
ac_cv_header_memory_h=yes
ac_cv_header_stdc=yes
ac_cv_header_stdint_h=yes
ac_cv_header_stdlib_h=yes
ac_cv_header_string_h=yes
ac_cv_header_strings_h=yes
ac_cv_header_sys_stat_h=yes
ac_cv_header_sys_types_h=yes
ac_cv_header_unistd_h=yes
ac_cv_host=i686-pc-mingw32
ac_cv_host_alias=i686-pc-mingw32
ac_cv_objext=o
ac_cv_path_install='/usr/bin/install -c'
ac_cv_prog_AWK=gawk
ac_cv_prog_CPP='gcc -E'
ac_cv_prog_CXXCPP='g++ -E'
ac_cv_prog_DB2HTML=false
ac_cv_prog_DOXYGEN=false
ac_cv_prog_ac_ct_AS=as
ac_cv_prog_ac_ct_CC=gcc
ac_cv_prog_ac_ct_CXX=g++
ac_cv_prog_ac_ct_DLLTOOL=dlltool
ac_cv_prog_ac_ct_OBJDUMP=objdump
ac_cv_prog_ac_ct_RANLIB=ranlib
ac_cv_prog_ac_ct_STRIP=strip
ac_cv_prog_cc_g=yes
ac_cv_prog_cc_stdc=
ac_cv_prog_cxx_g=yes
ac_cv_prog_egrep='grep -E'
ac_cv_prog_f77_g=no
ac_cv_prog_make_make_set=no
ac_cv_target=i686-pc-mingw32
ac_cv_target_alias=i686-pc-mingw32
am_cv_CC_dependencies_compiler_type=gcc3
am_cv_CXX_dependencies_compiler_type=gcc3
cal3d_cv_prog_cxx_fno_rtti=yes
lt_cv_deplibs_check_method='file_magic ^x86 archive import|^x86 DLL'
lt_cv_file_magic_cmd=win32_libid
lt_cv_file_magic_test_file=
lt_cv_ld_reload_flag=-r
lt_cv_objdir=.libs
lt_cv_path_LD=c:/prog/mingw/mingw32/bin/ld.exe
lt_cv_path_NM=/c/prog/mingw/bin/nm
lt_cv_path_SED=/usr/bin/sed
lt_cv_prog_compiler_c_o=yes
lt_cv_prog_compiler_c_o_CXX=yes
lt_cv_prog_compiler_c_o_F77=no
lt_cv_prog_compiler_rtti_exceptions=no
lt_cv_prog_gnu_ld=yes
lt_cv_sys_global_symbol_pipe='sed -n -e '\''s/^.*[ 	]\([ABCDGISTW][ABCDGISTW]*\)[ 	][ 	]*\(_\)\([_A-Za-z][_A-Za-z0-9]*\)\{0,1\}$/\1 \2\3 \3/p'\'''
lt_cv_sys_global_symbol_to_c_name_address='sed -n -e '\''s/^: \([^ ]*\) $/  {\"\1\", (lt_ptr) 0},/p'\'' -e '\''s/^[BCDEGRST] \([^ ]*\) \([^ ]*\)$/  {"\2", (lt_ptr) \&\2},/p'\'''
lt_cv_sys_global_symbol_to_cdecl='sed -n -e '\''s/^. .* \(.*\)$/extern int \1;/p'\'''
lt_cv_sys_max_cmd_len=8192
lt_lt_cv_prog_compiler_c_o='"yes"'
lt_lt_cv_prog_compiler_c_o_CXX='"yes"'
lt_lt_cv_prog_compiler_c_o_F77='"no"'
lt_lt_cv_sys_global_symbol_pipe='"sed -n -e '\''s/^.*[ 	]\\([ABCDGISTW][ABCDGISTW]*\\)[ 	][ 	]*\\(_\\)\\([_A-Za-z][_A-Za-z0-9]*\\)\\{0,1\\}\$/\\1 \\2\\3 \\3/p'\''"'
lt_lt_cv_sys_global_symbol_to_c_name_address='"sed -n -e '\''s/^: \\([^ ]*\\) \$/  {\\\"\\1\\\", (lt_ptr) 0},/p'\'' -e '\''s/^[BCDEGRST] \\([^ ]*\\) \\([^ ]*\\)\$/  {\"\\2\", (lt_ptr) \\&\\2},/p'\''"'
lt_lt_cv_sys_global_symbol_to_cdecl='"sed -n -e '\''s/^. .* \\(.*\\)\$/extern int \\1;/p'\''"'

## ----------------- ##
## Output variables. ##
## ----------------- ##

ACLOCAL='${SHELL} /e/Install/_/3D/cal3d/cal3d-0.10.0/missing --run aclocal-1.7'
AMDEPBACKSLASH='\'
AMDEP_FALSE='#'
AMDEP_TRUE=''
AMTAR='${SHELL} /e/Install/_/3D/cal3d/cal3d-0.10.0/missing --run tar'
AS='as'
AUTOCONF='${SHELL} /e/Install/_/3D/cal3d/cal3d-0.10.0/missing --run autoconf'
AUTOHEADER='${SHELL} /e/Install/_/3D/cal3d/cal3d-0.10.0/missing --run autoheader'
AUTOMAKE='${SHELL} /e/Install/_/3D/cal3d/cal3d-0.10.0/missing --run automake-1.7'
AWK='gawk'
CC='gcc'
CCDEPMODE='depmode=gcc3'
CFLAGS='-g -O2'
CPP='gcc -E'
CPPFLAGS=''
CXX='g++'
CXXCPP='g++ -E'
CXXDEPMODE='depmode=gcc3'
CXXFLAGS='-O2 -fno-rtti'
CYGPATH_W='echo'
DB2HTML='false'
DEFS='-DHAVE_CONFIG_H'
DEPDIR='.deps'
DLLTOOL='dlltool'
DOXYGEN='false'
ECHO='echo'
ECHO_C=''
ECHO_N='-n'
ECHO_T=''
EGREP='grep -E'
EXEEXT='.exe'
F77=''
FFLAGS=''
INSTALL_DATA='${INSTALL} -m 644'
INSTALL_PROGRAM='${INSTALL}'
INSTALL_SCRIPT='${INSTALL}'
INSTALL_STRIP_PROGRAM='${SHELL} $(install_sh) -c -s'
LDFLAGS=''
LIBOBJS=''
LIBS=''
LIBTOOL='$(SHELL) $(top_builddir)/libtool'
LN_S='ln -s'
LTLIBOBJS=''
MAKEINFO='${SHELL} /e/Install/_/3D/cal3d/cal3d-0.10.0/missing --run makeinfo'
OBJDUMP='objdump'
OBJEXT='o'
PACKAGE='cal3d'
PACKAGE_BUGREPORT=''
PACKAGE_NAME=''
PACKAGE_STRING=''
PACKAGE_TARNAME=''
PACKAGE_VERSION=''
PATH_SEPARATOR=':'
RANLIB='ranlib'
SET_MAKE='MAKE=make'
SHELL='/bin/sh'
STRIP='strip'
VERSION='0.10.0'
ac_ct_AS='as'
ac_ct_CC='gcc'
ac_ct_CXX='g++'
ac_ct_DLLTOOL='dlltool'
ac_ct_F77=''
ac_ct_OBJDUMP='objdump'
ac_ct_RANLIB='ranlib'
ac_ct_STRIP='strip'
am__fastdepCC_FALSE='#'
am__fastdepCC_TRUE=''
am__fastdepCXX_FALSE='#'
am__fastdepCXX_TRUE=''
am__include='include'
am__quote=''
bindir='${exec_prefix}/bin'
build='i686-pc-mingw32'
build_alias=''
build_cpu='i686'
build_os='mingw32'
build_vendor='pc'
datadir='${prefix}/share'
exec_prefix='${prefix}'
host='i686-pc-mingw32'
host_alias=''
host_cpu='i686'
host_os='mingw32'
host_vendor='pc'
includedir='${prefix}/include'
infodir='${prefix}/info'
install_sh='/e/Install/_/3D/cal3d/cal3d-0.10.0/install-sh'
libdir='${exec_prefix}/lib'
libexecdir='${exec_prefix}/libexec'
localstatedir='${prefix}/var'
mandir='${prefix}/man'
oldincludedir='/usr/include'
prefix='c:/prog/mingw'
program_transform_name='s,x,x,'
sbindir='${exec_prefix}/sbin'
sharedstatedir='${prefix}/com'
sysconfdir='${prefix}/etc'
target='i686-pc-mingw32'
target_alias=''
target_cpu='i686'
target_os='mingw32'
target_vendor='pc'

## ----------- ##
## confdefs.h. ##
## ----------- ##

#define HAVE_INTTYPES_H 1
#define HAVE_MEMORY_H 1
#define HAVE_STDINT_H 1
#define HAVE_STDLIB_H 1
#define HAVE_STRINGS_H 1
#define HAVE_STRING_H 1
#define HAVE_SYS_STAT_H 1
#define HAVE_SYS_TYPES_H 1
#define HAVE_UNISTD_H 1
#define PACKAGE "cal3d"
#define PACKAGE_BUGREPORT ""
#define PACKAGE_NAME ""
#define PACKAGE_STRING ""
#define PACKAGE_TARNAME ""
#define PACKAGE_VERSION ""
#define STDC_HEADERS 1
#define VERSION "0.10.0"
#endif
#ifdef __cplusplus
#include <stdlib.h>

configure: exit 0
